# JRE version: Java(TM) SE Runtime Environment (8.0_241-b07) (build 1.8.0_241-b07)
# Java VM: Java HotSpot(TM) 64-Bit Server VM (25.241-b07 mixed mode windows-amd64 compressed oops)
Heap:
 PSYoungGen      total 195584K, used 119606K [0x00000000d6600000, 0x00000000e5980000, 0x0000000100000000)
  eden space 183296K, 65% used [0x00000000d6600000,0x00000000ddacd830,0x00000000e1900000)
  from space 12288K, 0% used [0x00000000e2480000,0x00000000e2480000,0x00000000e3080000)
  to   space 11776K, 0% used [0x00000000e1900000,0x00000000e1900000,0x00000000e2480000)
 ParOldGen       total 72704K, used 12001K [0x0000000083200000, 0x0000000087900000, 0x00000000d6600000)
  object space 72704K, 16% used [0x0000000083200000,0x0000000083db8770,0x0000000087900000)
 Metaspace       used 45723K, capacity 47644K, committed 47872K, reserved 1089536K
  class space    used 6426K, capacity 6791K, committed 6912K, reserved 1048576K
GC Heap History (10 events):
Event: 12.556 GC heap before
{Heap before GC invocations=6 (full 1):
 PSYoungGen      total 70656K, used 5114K [0x00000000d6600000, 0x00000000df800000, 0x0000000100000000)
  eden space 65536K, 0% used [0x00000000d6600000,0x00000000d6600000,0x00000000da600000)
  from space 5120K, 99% used [0x00000000da600000,0x00000000daafe8c0,0x00000000dab00000)
  to   space 9216K, 0% used [0x00000000def00000,0x00000000def00000,0x00000000df800000)
 ParOldGen       total 86016K, used 6890K [0x0000000083200000, 0x0000000088600000, 0x00000000d6600000)
  object space 86016K, 8% used [0x0000000083200000,0x00000000838baa70,0x0000000088600000)
 Metaspace       used 20390K, capacity 21096K, committed 21248K, reserved 1067008K
  class space    used 2771K, capacity 2975K, committed 3072K, reserved 1048576K
Event: 12.756 GC heap after
Heap after GC invocations=6 (full 1):
 PSYoungGen      total 70656K, used 0K [0x00000000d6600000, 0x00000000df800000, 0x0000000100000000)
  eden space 65536K, 0% used [0x00000000d6600000,0x00000000d6600000,0x00000000da600000)
  from space 5120K, 0% used [0x00000000da600000,0x00000000da600000,0x00000000dab00000)
  to   space 9216K, 0% used [0x00000000def00000,0x00000000def00000,0x00000000df800000)
 ParOldGen       total 51200K, used 5805K [0x0000000083200000, 0x0000000086400000, 0x00000000d6600000)
  object space 51200K, 11% used [0x0000000083200000,0x00000000837ab790,0x0000000086400000)
 Metaspace       used 20389K, capacity 21090K, committed 21248K, reserved 1067008K
  class space    used 2771K, capacity 2974K, committed 3072K, reserved 1048576K
}
Event: 18.238 GC heap before
{Heap before GC invocations=7 (full 1):
 PSYoungGen      total 70656K, used 65536K [0x00000000d6600000, 0x00000000df800000, 0x0000000100000000)
  eden space 65536K, 100% used [0x00000000d6600000,0x00000000da600000,0x00000000da600000)
  from space 5120K, 0% used [0x00000000da600000,0x00000000da600000,0x00000000dab00000)
  to   space 9216K, 0% used [0x00000000def00000,0x00000000def00000,0x00000000df800000)
 ParOldGen       total 51200K, used 5805K [0x0000000083200000, 0x0000000086400000, 0x00000000d6600000)
  object space 51200K, 11% used [0x0000000083200000,0x00000000837ab790,0x0000000086400000)
 Metaspace       used 24719K, capacity 25932K, committed 26112K, reserved 1071104K
  class space    used 3442K, capacity 3727K, committed 3840K, reserved 1048576K
Event: 18.273 GC heap after
Heap after GC invocations=7 (full 1):
 PSYoungGen      total 119808K, used 8267K [0x00000000d6600000, 0x00000000df780000, 0x0000000100000000)
  eden space 111104K, 0% used [0x00000000d6600000,0x00000000d6600000,0x00000000dd280000)
  from space 8704K, 94% used [0x00000000def00000,0x00000000df712f08,0x00000000df780000)
  to   space 9728K, 0% used [0x00000000de480000,0x00000000de480000,0x00000000dee00000)
 ParOldGen       total 51200K, used 5813K [0x0000000083200000, 0x0000000086400000, 0x00000000d6600000)
  object space 51200K, 11% used [0x0000000083200000,0x00000000837ad790,0x0000000086400000)
 Metaspace       used 24719K, capacity 25932K, committed 26112K, reserved 1071104K
  class space    used 3442K, capacity 3727K, committed 3840K, reserved 1048576K
}
Event: 24.767 GC heap before
{Heap before GC invocations=8 (full 1):
 PSYoungGen      total 119808K, used 119371K [0x00000000d6600000, 0x00000000df780000, 0x0000000100000000)
  eden space 111104K, 100% used [0x00000000d6600000,0x00000000dd280000,0x00000000dd280000)
  from space 8704K, 94% used [0x00000000def00000,0x00000000df712f08,0x00000000df780000)
  to   space 9728K, 0% used [0x00000000de480000,0x00000000de480000,0x00000000dee00000)
 ParOldGen       total 51200K, used 5813K [0x0000000083200000, 0x0000000086400000, 0x00000000d6600000)
  object space 51200K, 11% used [0x0000000083200000,0x00000000837ad790,0x0000000086400000)
 Metaspace       used 32850K, capacity 34612K, committed 34816K, reserved 1079296K
  class space    used 4703K, capacity 5059K, committed 5120K, reserved 1048576K
Event: 24.822 GC heap after
Heap after GC invocations=8 (full 1):
 PSYoungGen      total 139264K, used 9721K [0x00000000d6600000, 0x00000000e3080000, 0x0000000100000000)
  eden space 129536K, 0% used [0x00000000d6600000,0x00000000d6600000,0x00000000de480000)
  from space 9728K, 99% used [0x00000000de480000,0x00000000dedfe4a8,0x00000000dee00000)
  to   space 12288K, 0% used [0x00000000e2480000,0x00000000e2480000,0x00000000e3080000)
 ParOldGen       total 51200K, used 8782K [0x0000000083200000, 0x0000000086400000, 0x00000000d6600000)
  object space 51200K, 17% used [0x0000000083200000,0x0000000083a938b0,0x0000000086400000)
 Metaspace       used 32850K, capacity 34612K, committed 34816K, reserved 1079296K
  class space    used 4703K, capacity 5059K, committed 5120K, reserved 1048576K
}
Event: 25.143 GC heap before
{Heap before GC invocations=9 (full 1):
 PSYoungGen      total 139264K, used 16909K [0x00000000d6600000, 0x00000000e3080000, 0x0000000100000000)
  eden space 129536K, 5% used [0x00000000d6600000,0x00000000d6d04f70,0x00000000de480000)
  from space 9728K, 99% used [0x00000000de480000,0x00000000dedfe4a8,0x00000000dee00000)
  to   space 12288K, 0% used [0x00000000e2480000,0x00000000e2480000,0x00000000e3080000)
 ParOldGen       total 51200K, used 8782K [0x0000000083200000, 0x0000000086400000, 0x00000000d6600000)
  object space 51200K, 17% used [0x0000000083200000,0x0000000083a938b0,0x0000000086400000)
 Metaspace       used 33627K, capacity 35346K, committed 35416K, reserved 1079296K
  class space    used 4776K, capacity 5104K, committed 5120K, reserved 1048576K
Event: 25.178 GC heap after
Heap after GC invocations=9 (full 1):
 PSYoungGen      total 195584K, used 7281K [0x00000000d6600000, 0x00000000e5980000, 0x0000000100000000)
  eden space 183296K, 0% used [0x00000000d6600000,0x00000000d6600000,0x00000000e1900000)
  from space 12288K, 59% used [0x00000000e2480000,0x00000000e2b9c740,0x00000000e3080000)
  to   space 11776K, 0% used [0x00000000e1900000,0x00000000e1900000,0x00000000e2480000)
 ParOldGen       total 51200K, used 8790K [0x0000000083200000, 0x0000000086400000, 0x00000000d6600000)
  object space 51200K, 17% used [0x0000000083200000,0x0000000083a958b0,0x0000000086400000)
 Metaspace       used 33627K, capacity 35346K, committed 35416K, reserved 1079296K
  class space    used 4776K, capacity 5104K, committed 5120K, reserved 1048576K
}
Event: 25.179 GC heap before
{Heap before GC invocations=10 (full 2):
 PSYoungGen      total 195584K, used 7281K [0x00000000d6600000, 0x00000000e5980000, 0x0000000100000000)
  eden space 183296K, 0% used [0x00000000d6600000,0x00000000d6600000,0x00000000e1900000)
  from space 12288K, 59% used [0x00000000e2480000,0x00000000e2b9c740,0x00000000e3080000)
  to   space 11776K, 0% used [0x00000000e1900000,0x00000000e1900000,0x00000000e2480000)
 ParOldGen       total 51200K, used 8790K [0x0000000083200000, 0x0000000086400000, 0x00000000d6600000)
  object space 51200K, 17% used [0x0000000083200000,0x0000000083a958b0,0x0000000086400000)
 Metaspace       used 33627K, capacity 35346K, committed 35416K, reserved 1079296K
  class space    used 4776K, capacity 5104K, committed 5120K, reserved 1048576K
Event: 25.625 GC heap after
Heap after GC invocations=10 (full 2):
 PSYoungGen      total 195584K, used 0K [0x00000000d6600000, 0x00000000e5980000, 0x0000000100000000)
  eden space 183296K, 0% used [0x00000000d6600000,0x00000000d6600000,0x00000000e1900000)
  from space 12288K, 0% used [0x00000000e2480000,0x00000000e2480000,0x00000000e3080000)
  to   space 11776K, 0% used [0x00000000e1900000,0x00000000e1900000,0x00000000e2480000)
 ParOldGen       total 72704K, used 12001K [0x0000000083200000, 0x0000000087900000, 0x00000000d6600000)
  object space 72704K, 16% used [0x0000000083200000,0x0000000083db8770,0x0000000087900000)
 Metaspace       used 33627K, capacity 35346K, committed 35416K, reserved 1079296K
  class space    used 4776K, capacity 5104K, committed 5120K, reserved 1048576K
}

