# JRE version: Java(TM) SE Runtime Environment (8.0_241-b07) (build 1.8.0_241-b07)
# Java VM: Java HotSpot(TM) 64-Bit Server VM (25.241-b07 mixed mode windows-amd64 compressed oops)
Heap:
 PSYoungGen      total 142848K, used 108315K [0x00000000d6600000, 0x00000000e0880000, 0x0000000100000000)
  eden space 132608K, 73% used [0x00000000d6600000,0x00000000dc5d2218,0x00000000de780000)
  from space 10240K, 99% used [0x00000000dfe80000,0x00000000e0874ad8,0x00000000e0880000)
  to   space 13312K, 0% used [0x00000000dee80000,0x00000000dee80000,0x00000000dfb80000)
 ParOldGen       total 96768K, used 16724K [0x0000000083200000, 0x0000000089080000, 0x00000000d6600000)
  object space 96768K, 17% used [0x0000000083200000,0x0000000084255210,0x0000000089080000)
 Metaspace       used 51781K, capacity 53968K, committed 54144K, reserved 1095680K
  class space    used 7295K, capacity 7696K, committed 7808K, reserved 1048576K
GC Heap History (10 events):
Event: 2.616 GC heap before
{Heap before GC invocations=6 (full 1):
 PSYoungGen      total 70656K, used 65536K [0x00000000d6600000, 0x00000000db000000, 0x0000000100000000)
  eden space 65536K, 100% used [0x00000000d6600000,0x00000000da600000,0x00000000da600000)
  from space 5120K, 0% used [0x00000000dab00000,0x00000000dab00000,0x00000000db000000)
  to   space 5120K, 0% used [0x00000000da600000,0x00000000da600000,0x00000000dab00000)
 ParOldGen       total 57344K, used 6256K [0x0000000083200000, 0x0000000086a00000, 0x00000000d6600000)
  object space 57344K, 10% used [0x0000000083200000,0x000000008381c158,0x0000000086a00000)
 Metaspace       used 21963K, capacity 22812K, committed 23040K, reserved 1069056K
  class space    used 3032K, capacity 3238K, committed 3328K, reserved 1048576K
Event: 2.622 GC heap after
Heap after GC invocations=6 (full 1):
 PSYoungGen      total 70656K, used 3679K [0x00000000d6600000, 0x00000000dda00000, 0x0000000100000000)
  eden space 65536K, 0% used [0x00000000d6600000,0x00000000d6600000,0x00000000da600000)
  from space 5120K, 71% used [0x00000000da600000,0x00000000da997ca0,0x00000000dab00000)
  to   space 9728K, 0% used [0x00000000dd080000,0x00000000dd080000,0x00000000dda00000)
 ParOldGen       total 57344K, used 6264K [0x0000000083200000, 0x0000000086a00000, 0x00000000d6600000)
  object space 57344K, 10% used [0x0000000083200000,0x000000008381e158,0x0000000086a00000)
 Metaspace       used 21963K, capacity 22812K, committed 23040K, reserved 1069056K
  class space    used 3032K, capacity 3238K, committed 3328K, reserved 1048576K
}
Event: 3.419 GC heap before
{Heap before GC invocations=7 (full 1):
 PSYoungGen      total 70656K, used 69201K [0x00000000d6600000, 0x00000000dda00000, 0x0000000100000000)
  eden space 65536K, 99% used [0x00000000d6600000,0x00000000da5fca68,0x00000000da600000)
  from space 5120K, 71% used [0x00000000da600000,0x00000000da997ca0,0x00000000dab00000)
  to   space 9728K, 0% used [0x00000000dd080000,0x00000000dd080000,0x00000000dda00000)
 ParOldGen       total 57344K, used 6264K [0x0000000083200000, 0x0000000086a00000, 0x00000000d6600000)
  object space 57344K, 10% used [0x0000000083200000,0x000000008381e158,0x0000000086a00000)
 Metaspace       used 26594K, capacity 28038K, committed 28288K, reserved 1073152K
  class space    used 3672K, capacity 3961K, committed 3968K, reserved 1048576K
Event: 3.432 GC heap after
Heap after GC invocations=7 (full 1):
 PSYoungGen      total 105984K, used 8377K [0x00000000d6600000, 0x00000000dd900000, 0x0000000100000000)
  eden space 97280K, 0% used [0x00000000d6600000,0x00000000d6600000,0x00000000dc500000)
  from space 8704K, 96% used [0x00000000dd080000,0x00000000dd8ae688,0x00000000dd900000)
  to   space 10240K, 0% used [0x00000000dc500000,0x00000000dc500000,0x00000000dcf00000)
 ParOldGen       total 57344K, used 6272K [0x0000000083200000, 0x0000000086a00000, 0x00000000d6600000)
  object space 57344K, 10% used [0x0000000083200000,0x0000000083820158,0x0000000086a00000)
 Metaspace       used 26594K, capacity 28038K, committed 28288K, reserved 1073152K
  class space    used 3672K, capacity 3961K, committed 3968K, reserved 1048576K
}
Event: 4.407 GC heap before
{Heap before GC invocations=8 (full 1):
 PSYoungGen      total 105984K, used 86380K [0x00000000d6600000, 0x00000000dd900000, 0x0000000100000000)
  eden space 97280K, 80% used [0x00000000d6600000,0x00000000db22cd48,0x00000000dc500000)
  from space 8704K, 96% used [0x00000000dd080000,0x00000000dd8ae688,0x00000000dd900000)
  to   space 10240K, 0% used [0x00000000dc500000,0x00000000dc500000,0x00000000dcf00000)
 ParOldGen       total 57344K, used 6272K [0x0000000083200000, 0x0000000086a00000, 0x00000000d6600000)
  object space 57344K, 10% used [0x0000000083200000,0x0000000083820158,0x0000000086a00000)
 Metaspace       used 33767K, capacity 35196K, committed 35416K, reserved 1079296K
  class space    used 4757K, capacity 5044K, committed 5120K, reserved 1048576K
Event: 4.429 GC heap after
Heap after GC invocations=8 (full 1):
 PSYoungGen      total 107520K, used 10212K [0x00000000d6600000, 0x00000000e0b00000, 0x0000000100000000)
  eden space 97280K, 0% used [0x00000000d6600000,0x00000000d6600000,0x00000000dc500000)
  from space 10240K, 99% used [0x00000000dc500000,0x00000000dcef90e8,0x00000000dcf00000)
  to   space 12800K, 0% used [0x00000000dfe80000,0x00000000dfe80000,0x00000000e0b00000)
 ParOldGen       total 57344K, used 8055K [0x0000000083200000, 0x0000000086a00000, 0x00000000d6600000)
  object space 57344K, 14% used [0x0000000083200000,0x00000000839ddf18,0x0000000086a00000)
 Metaspace       used 33767K, capacity 35196K, committed 35416K, reserved 1079296K
  class space    used 4757K, capacity 5044K, committed 5120K, reserved 1048576K
}
Event: 4.429 GC heap before
{Heap before GC invocations=9 (full 2):
 PSYoungGen      total 107520K, used 10212K [0x00000000d6600000, 0x00000000e0b00000, 0x0000000100000000)
  eden space 97280K, 0% used [0x00000000d6600000,0x00000000d6600000,0x00000000dc500000)
  from space 10240K, 99% used [0x00000000dc500000,0x00000000dcef90e8,0x00000000dcf00000)
  to   space 12800K, 0% used [0x00000000dfe80000,0x00000000dfe80000,0x00000000e0b00000)
 ParOldGen       total 57344K, used 8055K [0x0000000083200000, 0x0000000086a00000, 0x00000000d6600000)
  object space 57344K, 14% used [0x0000000083200000,0x00000000839ddf18,0x0000000086a00000)
 Metaspace       used 33767K, capacity 35196K, committed 35416K, reserved 1079296K
  class space    used 4757K, capacity 5044K, committed 5120K, reserved 1048576K
Event: 4.545 GC heap after
Heap after GC invocations=9 (full 2):
 PSYoungGen      total 107520K, used 0K [0x00000000d6600000, 0x00000000e0b00000, 0x0000000100000000)
  eden space 97280K, 0% used [0x00000000d6600000,0x00000000d6600000,0x00000000dc500000)
  from space 10240K, 0% used [0x00000000dc500000,0x00000000dc500000,0x00000000dcf00000)
  to   space 12800K, 0% used [0x00000000dfe80000,0x00000000dfe80000,0x00000000e0b00000)
 ParOldGen       total 96768K, used 16716K [0x0000000083200000, 0x0000000089080000, 0x00000000d6600000)
  object space 96768K, 17% used [0x0000000083200000,0x0000000084253210,0x0000000089080000)
 Metaspace       used 33767K, capacity 35196K, committed 35416K, reserved 1079296K
  class space    used 4757K, capacity 5044K, committed 5120K, reserved 1048576K
}
Event: 5.771 GC heap before
{Heap before GC invocations=10 (full 2):
 PSYoungGen      total 107520K, used 97280K [0x00000000d6600000, 0x00000000e0b00000, 0x0000000100000000)
  eden space 97280K, 100% used [0x00000000d6600000,0x00000000dc500000,0x00000000dc500000)
  from space 10240K, 0% used [0x00000000dc500000,0x00000000dc500000,0x00000000dcf00000)
  to   space 12800K, 0% used [0x00000000dfe80000,0x00000000dfe80000,0x00000000e0b00000)
 ParOldGen       total 96768K, used 16716K [0x0000000083200000, 0x0000000089080000, 0x00000000d6600000)
  object space 96768K, 17% used [0x0000000083200000,0x0000000084253210,0x0000000089080000)
 Metaspace       used 43152K, capacity 44764K, committed 45184K, reserved 1087488K
  class space    used 6122K, capacity 6434K, committed 6528K, reserved 1048576K
Event: 5.784 GC heap after
Heap after GC invocations=10 (full 2):
 PSYoungGen      total 142848K, used 10194K [0x00000000d6600000, 0x00000000e0880000, 0x0000000100000000)
  eden space 132608K, 0% used [0x00000000d6600000,0x00000000d6600000,0x00000000de780000)
  from space 10240K, 99% used [0x00000000dfe80000,0x00000000e0874ad8,0x00000000e0880000)
  to   space 13312K, 0% used [0x00000000dee80000,0x00000000dee80000,0x00000000dfb80000)
 ParOldGen       total 96768K, used 16724K [0x0000000083200000, 0x0000000089080000, 0x00000000d6600000)
  object space 96768K, 17% used [0x0000000083200000,0x0000000084255210,0x0000000089080000)
 Metaspace       used 43152K, capacity 44764K, committed 45184K, reserved 1087488K
  class space    used 6122K, capacity 6434K, committed 6528K, reserved 1048576K
}

