# JRE version: Java(TM) SE Runtime Environment (8.0_241-b07) (build 1.8.0_241-b07)
# Java VM: Java HotSpot(TM) 64-Bit Server VM (25.241-b07 mixed mode windows-amd64 compressed oops)
Heap:
 PSYoungGen      total 113664K, used 42049K [0x00000000d6600000, 0x00000000e1a00000, 0x0000000100000000)
  eden space 102912K, 40% used [0x00000000d6600000,0x00000000d8f104a8,0x00000000dca80000)
  from space 10752K, 0% used [0x00000000dca80000,0x00000000dca80000,0x00000000dd500000)
  to   space 12800K, 0% used [0x00000000e0d80000,0x00000000e0d80000,0x00000000e1a00000)
 ParOldGen       total 90624K, used 16716K [0x0000000083200000, 0x0000000088a80000, 0x00000000d6600000)
  object space 90624K, 18% used [0x0000000083200000,0x00000000842532c0,0x0000000088a80000)
 Metaspace       used 38821K, capacity 40302K, committed 40576K, reserved 1083392K
  class space    used 5457K, capacity 5755K, committed 5760K, reserved 1048576K
GC Heap History (10 events):
Event: 2.104 GC heap before
{Heap before GC invocations=5 (full 1):
 PSYoungGen      total 70656K, used 5106K [0x00000000d6600000, 0x00000000db000000, 0x0000000100000000)
  eden space 65536K, 0% used [0x00000000d6600000,0x00000000d6600000,0x00000000da600000)
  from space 5120K, 99% used [0x00000000dab00000,0x00000000daffcaa8,0x00000000db000000)
  to   space 5120K, 0% used [0x00000000da600000,0x00000000da600000,0x00000000dab00000)
 ParOldGen       total 86016K, used 7306K [0x0000000083200000, 0x0000000088600000, 0x00000000d6600000)
  object space 86016K, 8% used [0x0000000083200000,0x0000000083922978,0x0000000088600000)
 Metaspace       used 20390K, capacity 21092K, committed 21248K, reserved 1067008K
  class space    used 2789K, capacity 2972K, committed 3072K, reserved 1048576K
Event: 2.154 GC heap after
Heap after GC invocations=5 (full 1):
 PSYoungGen      total 70656K, used 0K [0x00000000d6600000, 0x00000000db000000, 0x0000000100000000)
  eden space 65536K, 0% used [0x00000000d6600000,0x00000000d6600000,0x00000000da600000)
  from space 5120K, 0% used [0x00000000dab00000,0x00000000dab00000,0x00000000db000000)
  to   space 5120K, 0% used [0x00000000da600000,0x00000000da600000,0x00000000dab00000)
 ParOldGen       total 54784K, used 6136K [0x0000000083200000, 0x0000000086780000, 0x00000000d6600000)
  object space 54784K, 11% used [0x0000000083200000,0x00000000837fe068,0x0000000086780000)
 Metaspace       used 20388K, capacity 21086K, committed 21248K, reserved 1067008K
  class space    used 2789K, capacity 2971K, committed 3072K, reserved 1048576K
}
Event: 2.550 GC heap before
{Heap before GC invocations=6 (full 1):
 PSYoungGen      total 70656K, used 65536K [0x00000000d6600000, 0x00000000db000000, 0x0000000100000000)
  eden space 65536K, 100% used [0x00000000d6600000,0x00000000da600000,0x00000000da600000)
  from space 5120K, 0% used [0x00000000dab00000,0x00000000dab00000,0x00000000db000000)
  to   space 5120K, 0% used [0x00000000da600000,0x00000000da600000,0x00000000dab00000)
 ParOldGen       total 54784K, used 6136K [0x0000000083200000, 0x0000000086780000, 0x00000000d6600000)
  object space 54784K, 11% used [0x0000000083200000,0x00000000837fe068,0x0000000086780000)
 Metaspace       used 21910K, capacity 22800K, committed 23040K, reserved 1069056K
  class space    used 3025K, capacity 3236K, committed 3328K, reserved 1048576K
Event: 2.556 GC heap after
Heap after GC invocations=6 (full 1):
 PSYoungGen      total 70656K, used 3729K [0x00000000d6600000, 0x00000000ddf80000, 0x0000000100000000)
  eden space 65536K, 0% used [0x00000000d6600000,0x00000000d6600000,0x00000000da600000)
  from space 5120K, 72% used [0x00000000da600000,0x00000000da9a4688,0x00000000dab00000)
  to   space 9728K, 0% used [0x00000000dd600000,0x00000000dd600000,0x00000000ddf80000)
 ParOldGen       total 54784K, used 6136K [0x0000000083200000, 0x0000000086780000, 0x00000000d6600000)
  object space 54784K, 11% used [0x0000000083200000,0x00000000837fe068,0x0000000086780000)
 Metaspace       used 21910K, capacity 22800K, committed 23040K, reserved 1069056K
  class space    used 3025K, capacity 3236K, committed 3328K, reserved 1048576K
}
Event: 3.311 GC heap before
{Heap before GC invocations=7 (full 1):
 PSYoungGen      total 70656K, used 69244K [0x00000000d6600000, 0x00000000ddf80000, 0x0000000100000000)
  eden space 65536K, 99% used [0x00000000d6600000,0x00000000da5fab88,0x00000000da600000)
  from space 5120K, 72% used [0x00000000da600000,0x00000000da9a4688,0x00000000dab00000)
  to   space 9728K, 0% used [0x00000000dd600000,0x00000000dd600000,0x00000000ddf80000)
 ParOldGen       total 54784K, used 6136K [0x0000000083200000, 0x0000000086780000, 0x00000000d6600000)
  object space 54784K, 11% used [0x0000000083200000,0x00000000837fe068,0x0000000086780000)
 Metaspace       used 26635K, capacity 28046K, committed 28288K, reserved 1073152K
  class space    used 3676K, capacity 3961K, committed 3968K, reserved 1048576K
Event: 3.324 GC heap after
Heap after GC invocations=7 (full 1):
 PSYoungGen      total 112640K, used 8525K [0x00000000d6600000, 0x00000000ddf80000, 0x0000000100000000)
  eden space 102912K, 0% used [0x00000000d6600000,0x00000000d6600000,0x00000000dca80000)
  from space 9728K, 87% used [0x00000000dd600000,0x00000000dde53440,0x00000000ddf80000)
  to   space 10752K, 0% used [0x00000000dca80000,0x00000000dca80000,0x00000000dd500000)
 ParOldGen       total 54784K, used 6144K [0x0000000083200000, 0x0000000086780000, 0x00000000d6600000)
  object space 54784K, 11% used [0x0000000083200000,0x0000000083800068,0x0000000086780000)
 Metaspace       used 26635K, capacity 28046K, committed 28288K, reserved 1073152K
  class space    used 3676K, capacity 3961K, committed 3968K, reserved 1048576K
}
Event: 4.154 GC heap before
{Heap before GC invocations=8 (full 1):
 PSYoungGen      total 112640K, used 88503K [0x00000000d6600000, 0x00000000ddf80000, 0x0000000100000000)
  eden space 102912K, 77% used [0x00000000d6600000,0x00000000db41a808,0x00000000dca80000)
  from space 9728K, 87% used [0x00000000dd600000,0x00000000dde53440,0x00000000ddf80000)
  to   space 10752K, 0% used [0x00000000dca80000,0x00000000dca80000,0x00000000dd500000)
 ParOldGen       total 54784K, used 6144K [0x0000000083200000, 0x0000000086780000, 0x00000000d6600000)
  object space 54784K, 11% used [0x0000000083200000,0x0000000083800068,0x0000000086780000)
 Metaspace       used 33783K, capacity 35204K, committed 35416K, reserved 1079296K
  class space    used 4757K, capacity 5044K, committed 5120K, reserved 1048576K
Event: 4.170 GC heap after
Heap after GC invocations=8 (full 1):
 PSYoungGen      total 113664K, used 10729K [0x00000000d6600000, 0x00000000e1a00000, 0x0000000100000000)
  eden space 102912K, 0% used [0x00000000d6600000,0x00000000d6600000,0x00000000dca80000)
  from space 10752K, 99% used [0x00000000dca80000,0x00000000dd4fa6c0,0x00000000dd500000)
  to   space 12800K, 0% used [0x00000000e0d80000,0x00000000e0d80000,0x00000000e1a00000)
 ParOldGen       total 54784K, used 7511K [0x0000000083200000, 0x0000000086780000, 0x00000000d6600000)
  object space 54784K, 13% used [0x0000000083200000,0x0000000083955c88,0x0000000086780000)
 Metaspace       used 33783K, capacity 35204K, committed 35416K, reserved 1079296K
  class space    used 4757K, capacity 5044K, committed 5120K, reserved 1048576K
}
Event: 4.170 GC heap before
{Heap before GC invocations=9 (full 2):
 PSYoungGen      total 113664K, used 10729K [0x00000000d6600000, 0x00000000e1a00000, 0x0000000100000000)
  eden space 102912K, 0% used [0x00000000d6600000,0x00000000d6600000,0x00000000dca80000)
  from space 10752K, 99% used [0x00000000dca80000,0x00000000dd4fa6c0,0x00000000dd500000)
  to   space 12800K, 0% used [0x00000000e0d80000,0x00000000e0d80000,0x00000000e1a00000)
 ParOldGen       total 54784K, used 7511K [0x0000000083200000, 0x0000000086780000, 0x00000000d6600000)
  object space 54784K, 13% used [0x0000000083200000,0x0000000083955c88,0x0000000086780000)
 Metaspace       used 33783K, capacity 35204K, committed 35416K, reserved 1079296K
  class space    used 4757K, capacity 5044K, committed 5120K, reserved 1048576K
Event: 4.279 GC heap after
Heap after GC invocations=9 (full 2):
 PSYoungGen      total 113664K, used 0K [0x00000000d6600000, 0x00000000e1a00000, 0x0000000100000000)
  eden space 102912K, 0% used [0x00000000d6600000,0x00000000d6600000,0x00000000dca80000)
  from space 10752K, 0% used [0x00000000dca80000,0x00000000dca80000,0x00000000dd500000)
  to   space 12800K, 0% used [0x00000000e0d80000,0x00000000e0d80000,0x00000000e1a00000)
 ParOldGen       total 90624K, used 16716K [0x0000000083200000, 0x0000000088a80000, 0x00000000d6600000)
  object space 90624K, 18% used [0x0000000083200000,0x00000000842532c0,0x0000000088a80000)
 Metaspace       used 33783K, capacity 35204K, committed 35416K, reserved 1079296K
  class space    used 4757K, capacity 5044K, committed 5120K, reserved 1048576K
}

