# JRE version: Java(TM) SE Runtime Environment (8.0_241-b07) (build 1.8.0_241-b07)
# Java VM: Java HotSpot(TM) 64-Bit Server VM (25.241-b07 mixed mode windows-amd64 compressed oops)
Heap:
 PSYoungGen      total 111616K, used 10953K [0x00000000d6600000, 0x00000000e1280000, 0x0000000100000000)
  eden space 100864K, 10% used [0x00000000d6600000,0x00000000d70b27c0,0x00000000dc880000)
  from space 10752K, 0% used [0x00000000dc880000,0x00000000dc880000,0x00000000dd300000)
  to   space 12800K, 0% used [0x00000000e0600000,0x00000000e0600000,0x00000000e1280000)
 ParOldGen       total 94720K, used 16725K [0x0000000083200000, 0x0000000088e80000, 0x00000000d6600000)
  object space 94720K, 17% used [0x0000000083200000,0x00000000842554e8,0x0000000088e80000)
 Metaspace       used 35750K, capacity 37196K, committed 37632K, reserved 1081344K
  class space    used 5007K, capacity 5305K, committed 5376K, reserved 1048576K
GC Heap History (10 events):
Event: 4.510 GC heap before
{Heap before GC invocations=5 (full 1):
 PSYoungGen      total 70656K, used 5090K [0x00000000d6600000, 0x00000000db000000, 0x0000000100000000)
  eden space 65536K, 0% used [0x00000000d6600000,0x00000000d6600000,0x00000000da600000)
  from space 5120K, 99% used [0x00000000dab00000,0x00000000daff8ad8,0x00000000db000000)
  to   space 5120K, 0% used [0x00000000da600000,0x00000000da600000,0x00000000dab00000)
 ParOldGen       total 86016K, used 7407K [0x0000000083200000, 0x0000000088600000, 0x00000000d6600000)
  object space 86016K, 8% used [0x0000000083200000,0x000000008393be10,0x0000000088600000)
 Metaspace       used 20455K, capacity 21142K, committed 21248K, reserved 1067008K
  class space    used 2804K, capacity 3010K, committed 3072K, reserved 1048576K
Event: 4.614 GC heap after
Heap after GC invocations=5 (full 1):
 PSYoungGen      total 70656K, used 0K [0x00000000d6600000, 0x00000000db000000, 0x0000000100000000)
  eden space 65536K, 0% used [0x00000000d6600000,0x00000000d6600000,0x00000000da600000)
  from space 5120K, 0% used [0x00000000dab00000,0x00000000dab00000,0x00000000db000000)
  to   space 5120K, 0% used [0x00000000da600000,0x00000000da600000,0x00000000dab00000)
 ParOldGen       total 55808K, used 6190K [0x0000000083200000, 0x0000000086880000, 0x00000000d6600000)
  object space 55808K, 11% used [0x0000000083200000,0x000000008380b808,0x0000000086880000)
 Metaspace       used 20452K, capacity 21134K, committed 21248K, reserved 1067008K
  class space    used 2803K, capacity 3008K, committed 3072K, reserved 1048576K
}
Event: 5.497 GC heap before
{Heap before GC invocations=6 (full 1):
 PSYoungGen      total 70656K, used 65536K [0x00000000d6600000, 0x00000000db000000, 0x0000000100000000)
  eden space 65536K, 100% used [0x00000000d6600000,0x00000000da600000,0x00000000da600000)
  from space 5120K, 0% used [0x00000000dab00000,0x00000000dab00000,0x00000000db000000)
  to   space 5120K, 0% used [0x00000000da600000,0x00000000da600000,0x00000000dab00000)
 ParOldGen       total 55808K, used 6190K [0x0000000083200000, 0x0000000086880000, 0x00000000d6600000)
  object space 55808K, 11% used [0x0000000083200000,0x000000008380b808,0x0000000086880000)
 Metaspace       used 21914K, capacity 22812K, committed 23040K, reserved 1069056K
  class space    used 3024K, capacity 3241K, committed 3328K, reserved 1048576K
Event: 5.508 GC heap after
Heap after GC invocations=6 (full 1):
 PSYoungGen      total 70656K, used 3748K [0x00000000d6600000, 0x00000000dde00000, 0x0000000100000000)
  eden space 65536K, 0% used [0x00000000d6600000,0x00000000d6600000,0x00000000da600000)
  from space 5120K, 73% used [0x00000000da600000,0x00000000da9a9280,0x00000000dab00000)
  to   space 9728K, 0% used [0x00000000dd480000,0x00000000dd480000,0x00000000dde00000)
 ParOldGen       total 55808K, used 6198K [0x0000000083200000, 0x0000000086880000, 0x00000000d6600000)
  object space 55808K, 11% used [0x0000000083200000,0x000000008380d808,0x0000000086880000)
 Metaspace       used 21914K, capacity 22812K, committed 23040K, reserved 1069056K
  class space    used 3024K, capacity 3241K, committed 3328K, reserved 1048576K
}
Event: 7.503 GC heap before
{Heap before GC invocations=7 (full 1):
 PSYoungGen      total 70656K, used 69257K [0x00000000d6600000, 0x00000000dde00000, 0x0000000100000000)
  eden space 65536K, 99% used [0x00000000d6600000,0x00000000da5f9210,0x00000000da600000)
  from space 5120K, 73% used [0x00000000da600000,0x00000000da9a9280,0x00000000dab00000)
  to   space 9728K, 0% used [0x00000000dd480000,0x00000000dd480000,0x00000000dde00000)
 ParOldGen       total 55808K, used 6198K [0x0000000083200000, 0x0000000086880000, 0x00000000d6600000)
  object space 55808K, 11% used [0x0000000083200000,0x000000008380d808,0x0000000086880000)
 Metaspace       used 26647K, capacity 28118K, committed 28288K, reserved 1073152K
  class space    used 3674K, capacity 3966K, committed 3968K, reserved 1048576K
Event: 7.529 GC heap after
Heap after GC invocations=7 (full 1):
 PSYoungGen      total 110080K, used 8498K [0x00000000d6600000, 0x00000000ddd80000, 0x0000000100000000)
  eden space 100864K, 0% used [0x00000000d6600000,0x00000000d6600000,0x00000000dc880000)
  from space 9216K, 92% used [0x00000000dd480000,0x00000000ddcccac8,0x00000000ddd80000)
  to   space 10752K, 0% used [0x00000000dc880000,0x00000000dc880000,0x00000000dd300000)
 ParOldGen       total 55808K, used 6206K [0x0000000083200000, 0x0000000086880000, 0x00000000d6600000)
  object space 55808K, 11% used [0x0000000083200000,0x000000008380f808,0x0000000086880000)
 Metaspace       used 26647K, capacity 28118K, committed 28288K, reserved 1073152K
  class space    used 3674K, capacity 3966K, committed 3968K, reserved 1048576K
}
Event: 10.431 GC heap before
{Heap before GC invocations=8 (full 1):
 PSYoungGen      total 110080K, used 89025K [0x00000000d6600000, 0x00000000ddd80000, 0x0000000100000000)
  eden space 100864K, 79% used [0x00000000d6600000,0x00000000db4a3978,0x00000000dc880000)
  from space 9216K, 92% used [0x00000000dd480000,0x00000000ddcccac8,0x00000000ddd80000)
  to   space 10752K, 0% used [0x00000000dc880000,0x00000000dc880000,0x00000000dd300000)
 ParOldGen       total 55808K, used 6206K [0x0000000083200000, 0x0000000086880000, 0x00000000d6600000)
  object space 55808K, 11% used [0x0000000083200000,0x000000008380f808,0x0000000086880000)
 Metaspace       used 33791K, capacity 35212K, committed 35416K, reserved 1079296K
  class space    used 4751K, capacity 5049K, committed 5120K, reserved 1048576K
Event: 10.465 GC heap after
Heap after GC invocations=8 (full 1):
 PSYoungGen      total 111616K, used 10741K [0x00000000d6600000, 0x00000000e1280000, 0x0000000100000000)
  eden space 100864K, 0% used [0x00000000d6600000,0x00000000d6600000,0x00000000dc880000)
  from space 10752K, 99% used [0x00000000dc880000,0x00000000dd2fd768,0x00000000dd300000)
  to   space 12800K, 0% used [0x00000000e0600000,0x00000000e0600000,0x00000000e1280000)
 ParOldGen       total 55808K, used 7560K [0x0000000083200000, 0x0000000086880000, 0x00000000d6600000)
  object space 55808K, 13% used [0x0000000083200000,0x0000000083962198,0x0000000086880000)
 Metaspace       used 33791K, capacity 35212K, committed 35416K, reserved 1079296K
  class space    used 4751K, capacity 5049K, committed 5120K, reserved 1048576K
}
Event: 10.465 GC heap before
{Heap before GC invocations=9 (full 2):
 PSYoungGen      total 111616K, used 10741K [0x00000000d6600000, 0x00000000e1280000, 0x0000000100000000)
  eden space 100864K, 0% used [0x00000000d6600000,0x00000000d6600000,0x00000000dc880000)
  from space 10752K, 99% used [0x00000000dc880000,0x00000000dd2fd768,0x00000000dd300000)
  to   space 12800K, 0% used [0x00000000e0600000,0x00000000e0600000,0x00000000e1280000)
 ParOldGen       total 55808K, used 7560K [0x0000000083200000, 0x0000000086880000, 0x00000000d6600000)
  object space 55808K, 13% used [0x0000000083200000,0x0000000083962198,0x0000000086880000)
 Metaspace       used 33791K, capacity 35212K, committed 35416K, reserved 1079296K
  class space    used 4751K, capacity 5049K, committed 5120K, reserved 1048576K
Event: 10.782 GC heap after
Heap after GC invocations=9 (full 2):
 PSYoungGen      total 111616K, used 0K [0x00000000d6600000, 0x00000000e1280000, 0x0000000100000000)
  eden space 100864K, 0% used [0x00000000d6600000,0x00000000d6600000,0x00000000dc880000)
  from space 10752K, 0% used [0x00000000dc880000,0x00000000dc880000,0x00000000dd300000)
  to   space 12800K, 0% used [0x00000000e0600000,0x00000000e0600000,0x00000000e1280000)
 ParOldGen       total 94720K, used 16725K [0x0000000083200000, 0x0000000088e80000, 0x00000000d6600000)
  object space 94720K, 17% used [0x0000000083200000,0x00000000842554e8,0x0000000088e80000)
 Metaspace       used 33791K, capacity 35212K, committed 35416K, reserved 1079296K
  class space    used 4751K, capacity 5049K, committed 5120K, reserved 1048576K
}

