# JRE version: Java(TM) SE Runtime Environment (8.0_241-b07) (build 1.8.0_241-b07)
# Java VM: Java HotSpot(TM) 64-Bit Server VM (25.241-b07 mixed mode windows-amd64 compressed oops)
Heap:
 PSYoungGen      total 111616K, used 29117K [0x00000000d6600000, 0x00000000e1600000, 0x0000000100000000)
  eden space 101376K, 28% used [0x00000000d6600000,0x00000000d826f7b8,0x00000000dc900000)
  from space 10240K, 0% used [0x00000000dc900000,0x00000000dc900000,0x00000000dd300000)
  to   space 12800K, 0% used [0x00000000e0980000,0x00000000e0980000,0x00000000e1600000)
 ParOldGen       total 93184K, used 16720K [0x0000000083200000, 0x0000000088d00000, 0x00000000d6600000)
  object space 93184K, 17% used [0x0000000083200000,0x00000000842541d8,0x0000000088d00000)
 Metaspace       used 37442K, capacity 38912K, committed 39424K, reserved 1083392K
  class space    used 5237K, capacity 5530K, committed 5632K, reserved 1048576K
GC Heap History (10 events):
Event: 2.237 GC heap before
{Heap before GC invocations=5 (full 1):
 PSYoungGen      total 70656K, used 5088K [0x00000000d6600000, 0x00000000db000000, 0x0000000100000000)
  eden space 65536K, 0% used [0x00000000d6600000,0x00000000d6600000,0x00000000da600000)
  from space 5120K, 99% used [0x00000000dab00000,0x00000000daff8020,0x00000000db000000)
  to   space 5120K, 0% used [0x00000000da600000,0x00000000da600000,0x00000000dab00000)
 ParOldGen       total 86016K, used 7473K [0x0000000083200000, 0x0000000088600000, 0x00000000d6600000)
  object space 86016K, 8% used [0x0000000083200000,0x000000008394c768,0x0000000088600000)
 Metaspace       used 20450K, capacity 21136K, committed 21248K, reserved 1067008K
  class space    used 2806K, capacity 3006K, committed 3072K, reserved 1048576K
Event: 2.288 GC heap after
Heap after GC invocations=5 (full 1):
 PSYoungGen      total 70656K, used 0K [0x00000000d6600000, 0x00000000db000000, 0x0000000100000000)
  eden space 65536K, 0% used [0x00000000d6600000,0x00000000d6600000,0x00000000da600000)
  from space 5120K, 0% used [0x00000000dab00000,0x00000000dab00000,0x00000000db000000)
  to   space 5120K, 0% used [0x00000000da600000,0x00000000da600000,0x00000000dab00000)
 ParOldGen       total 55808K, used 6279K [0x0000000083200000, 0x0000000086880000, 0x00000000d6600000)
  object space 55808K, 11% used [0x0000000083200000,0x0000000083821d18,0x0000000086880000)
 Metaspace       used 20448K, capacity 21130K, committed 21248K, reserved 1067008K
  class space    used 2805K, capacity 3005K, committed 3072K, reserved 1048576K
}
Event: 2.681 GC heap before
{Heap before GC invocations=6 (full 1):
 PSYoungGen      total 70656K, used 65536K [0x00000000d6600000, 0x00000000db000000, 0x0000000100000000)
  eden space 65536K, 100% used [0x00000000d6600000,0x00000000da600000,0x00000000da600000)
  from space 5120K, 0% used [0x00000000dab00000,0x00000000dab00000,0x00000000db000000)
  to   space 5120K, 0% used [0x00000000da600000,0x00000000da600000,0x00000000dab00000)
 ParOldGen       total 55808K, used 6279K [0x0000000083200000, 0x0000000086880000, 0x00000000d6600000)
  object space 55808K, 11% used [0x0000000083200000,0x0000000083821d18,0x0000000086880000)
 Metaspace       used 21960K, capacity 22808K, committed 23040K, reserved 1069056K
  class space    used 3037K, capacity 3238K, committed 3328K, reserved 1048576K
Event: 2.687 GC heap after
Heap after GC invocations=6 (full 1):
 PSYoungGen      total 70656K, used 3706K [0x00000000d6600000, 0x00000000dde00000, 0x0000000100000000)
  eden space 65536K, 0% used [0x00000000d6600000,0x00000000d6600000,0x00000000da600000)
  from space 5120K, 72% used [0x00000000da600000,0x00000000da99e9d8,0x00000000dab00000)
  to   space 9728K, 0% used [0x00000000dd480000,0x00000000dd480000,0x00000000dde00000)
 ParOldGen       total 55808K, used 6279K [0x0000000083200000, 0x0000000086880000, 0x00000000d6600000)
  object space 55808K, 11% used [0x0000000083200000,0x0000000083821d18,0x0000000086880000)
 Metaspace       used 21960K, capacity 22808K, committed 23040K, reserved 1069056K
  class space    used 3037K, capacity 3238K, committed 3328K, reserved 1048576K
}
Event: 3.466 GC heap before
{Heap before GC invocations=7 (full 1):
 PSYoungGen      total 70656K, used 69242K [0x00000000d6600000, 0x00000000dde00000, 0x0000000100000000)
  eden space 65536K, 100% used [0x00000000d6600000,0x00000000da600000,0x00000000da600000)
  from space 5120K, 72% used [0x00000000da600000,0x00000000da99e9d8,0x00000000dab00000)
  to   space 9728K, 0% used [0x00000000dd480000,0x00000000dd480000,0x00000000dde00000)
 ParOldGen       total 55808K, used 6279K [0x0000000083200000, 0x0000000086880000, 0x00000000d6600000)
  object space 55808K, 11% used [0x0000000083200000,0x0000000083821d18,0x0000000086880000)
 Metaspace       used 26591K, capacity 27974K, committed 28032K, reserved 1073152K
  class space    used 3674K, capacity 3961K, committed 3968K, reserved 1048576K
Event: 3.478 GC heap after
Heap after GC invocations=7 (full 1):
 PSYoungGen      total 110080K, used 8398K [0x00000000d6600000, 0x00000000ddd00000, 0x0000000100000000)
  eden space 101376K, 0% used [0x00000000d6600000,0x00000000d6600000,0x00000000dc900000)
  from space 8704K, 96% used [0x00000000dd480000,0x00000000ddcb3ae8,0x00000000ddd00000)
  to   space 10240K, 0% used [0x00000000dc900000,0x00000000dc900000,0x00000000dd300000)
 ParOldGen       total 55808K, used 6287K [0x0000000083200000, 0x0000000086880000, 0x00000000d6600000)
  object space 55808K, 11% used [0x0000000083200000,0x0000000083823d18,0x0000000086880000)
 Metaspace       used 26591K, capacity 27974K, committed 28032K, reserved 1073152K
  class space    used 3674K, capacity 3961K, committed 3968K, reserved 1048576K
}
Event: 4.309 GC heap before
{Heap before GC invocations=8 (full 1):
 PSYoungGen      total 110080K, used 87995K [0x00000000d6600000, 0x00000000ddd00000, 0x0000000100000000)
  eden space 101376K, 78% used [0x00000000d6600000,0x00000000db3bb288,0x00000000dc900000)
  from space 8704K, 96% used [0x00000000dd480000,0x00000000ddcb3ae8,0x00000000ddd00000)
  to   space 10240K, 0% used [0x00000000dc900000,0x00000000dc900000,0x00000000dd300000)
 ParOldGen       total 55808K, used 6287K [0x0000000083200000, 0x0000000086880000, 0x00000000d6600000)
  object space 55808K, 11% used [0x0000000083200000,0x0000000083823d18,0x0000000086880000)
 Metaspace       used 33761K, capacity 35196K, committed 35416K, reserved 1079296K
  class space    used 4756K, capacity 5044K, committed 5120K, reserved 1048576K
Event: 4.326 GC heap after
Heap after GC invocations=8 (full 1):
 PSYoungGen      total 111616K, used 10226K [0x00000000d6600000, 0x00000000e1600000, 0x0000000100000000)
  eden space 101376K, 0% used [0x00000000d6600000,0x00000000d6600000,0x00000000dc900000)
  from space 10240K, 99% used [0x00000000dc900000,0x00000000dd2fc820,0x00000000dd300000)
  to   space 12800K, 0% used [0x00000000e0980000,0x00000000e0980000,0x00000000e1600000)
 ParOldGen       total 55808K, used 8073K [0x0000000083200000, 0x0000000086880000, 0x00000000d6600000)
  object space 55808K, 14% used [0x0000000083200000,0x00000000839e2570,0x0000000086880000)
 Metaspace       used 33761K, capacity 35196K, committed 35416K, reserved 1079296K
  class space    used 4756K, capacity 5044K, committed 5120K, reserved 1048576K
}
Event: 4.326 GC heap before
{Heap before GC invocations=9 (full 2):
 PSYoungGen      total 111616K, used 10226K [0x00000000d6600000, 0x00000000e1600000, 0x0000000100000000)
  eden space 101376K, 0% used [0x00000000d6600000,0x00000000d6600000,0x00000000dc900000)
  from space 10240K, 99% used [0x00000000dc900000,0x00000000dd2fc820,0x00000000dd300000)
  to   space 12800K, 0% used [0x00000000e0980000,0x00000000e0980000,0x00000000e1600000)
 ParOldGen       total 55808K, used 8073K [0x0000000083200000, 0x0000000086880000, 0x00000000d6600000)
  object space 55808K, 14% used [0x0000000083200000,0x00000000839e2570,0x0000000086880000)
 Metaspace       used 33761K, capacity 35196K, committed 35416K, reserved 1079296K
  class space    used 4756K, capacity 5044K, committed 5120K, reserved 1048576K
Event: 4.432 GC heap after
Heap after GC invocations=9 (full 2):
 PSYoungGen      total 111616K, used 0K [0x00000000d6600000, 0x00000000e1600000, 0x0000000100000000)
  eden space 101376K, 0% used [0x00000000d6600000,0x00000000d6600000,0x00000000dc900000)
  from space 10240K, 0% used [0x00000000dc900000,0x00000000dc900000,0x00000000dd300000)
  to   space 12800K, 0% used [0x00000000e0980000,0x00000000e0980000,0x00000000e1600000)
 ParOldGen       total 93184K, used 16720K [0x0000000083200000, 0x0000000088d00000, 0x00000000d6600000)
  object space 93184K, 17% used [0x0000000083200000,0x00000000842541d8,0x0000000088d00000)
 Metaspace       used 33761K, capacity 35196K, committed 35416K, reserved 1079296K
  class space    used 4756K, capacity 5044K, committed 5120K, reserved 1048576K
}

